<?xml version="1.0" encoding="UTF-8"?>
<!-- Generated by org.testng.reporters.JUnitReportReporter -->
<testsuite hostname="DESKTOP-POSNPDM" failures="0" tests="1" name="ObjectReposatory.LoginTest" time="16.438" errors="0" timestamp="2024-01-02T21:26:41 IST" skipped="0">
  <testcase classname="ObjectReposatory.LoginTest" name="login" time="16.438"/>
</testsuite> <!-- ObjectReposatory.LoginTest -->
