<?xml version="1.0" encoding="UTF-8"?>
<!-- Generated by org.testng.reporters.JUnitReportReporter -->
<testsuite hostname="DESKTOP-POSNPDM" failures="0" tests="2" name="TestPackage.LoginTest" time="31.885" errors="0" timestamp="2024-01-02T21:36:02 IST" skipped="0">
  <testcase classname="TestPackage.LoginTest" name="login" time="17.603"/>
  <testcase classname="TestPackage.LoginTest" name="loginwithinvalidcredentials" time="14.282"/>
</testsuite> <!-- TestPackage.LoginTest -->
