<?xml version="1.0" encoding="UTF-8"?>
<!-- Generated by org.testng.reporters.JUnitReportReporter -->
<testsuite hostname="DESKTOP-POSNPDM" failures="0" tests="1" name="TestPackage.RegisterTest" time="26.486" errors="0" timestamp="2024-01-02T22:56:13 IST" skipped="0">
  <testcase classname="TestPackage.RegisterTest" name="validRegistation" time="26.486"/>
</testsuite> <!-- TestPackage.RegisterTest -->
